
**** Clean-only build of configuration Debug for project ece2049_demo_ccs91 ****

"C:\\ti\\ccs1200\\ccs\\utils\\bin\\gmake" -k clean 
 
DEL /F  "ece2049_demo_ccs91.hex"  "ece2049_demo_ccs91.out" 
DEL /F "adc12_tempSensor.obj" "main.obj" "peripherals.obj" "LcdDriver\HAL_MSP_EXP430FR5529_Sharp96x96.obj" "LcdDriver\Sharp96x96.obj" "fonts\fontfixed6x8.obj" "images\LPRocket_96x37.obj" "images\TI_Logo_69x64.obj" 
DEL /F "adc12_tempSensor.d" "main.d" "peripherals.d" "LcdDriver\HAL_MSP_EXP430FR5529_Sharp96x96.d" "LcdDriver\Sharp96x96.d" "fonts\fontfixed6x8.d" "images\LPRocket_96x37.d" "images\TI_Logo_69x64.d" 
Finished clean
 

**** Build Finished ****

**** Build of configuration Debug for project ece2049_demo_ccs91 ****

"C:\\ti\\ccs1200\\ccs\\utils\\bin\\gmake" -k all 
 
Building file: "../adc12_tempSensor.c"
Invoking: MSP430 Compiler
"C:/ti/ccs1200/ccs/tools/compiler/ti-cgt-msp430_21.6.0.LTS/bin/cl430" -vmspx --data_model=restricted -Ooff --use_hw_mpy=F5 --include_path="C:/ti/ccs1200/ccs/ccs_base/msp430/include" --include_path="C:/Users/crinconrogers/Documents/Cristobal Rincon and Lili/ece2049_demo_ccs91" --include_path="C:/Users/crinconrogers/Documents/Cristobal Rincon and Lili/ece2049_demo_ccs91/grlib" --include_path="C:/ti/ccs1200/ccs/tools/compiler/ti-cgt-msp430_21.6.0.LTS/include" --advice:power_severity=suppress --define=__MSP430F5529__ -g --gcc --printf_support=minimal --diag_warning=225 --display_error_number --abi=eabi --silicon_errata=CPU21 --silicon_errata=CPU22 --silicon_errata=CPU23 --silicon_errata=CPU40 --preproc_with_compile --preproc_dependency="adc12_tempSensor.d_raw"  "../adc12_tempSensor.c"
Finished building: "../adc12_tempSensor.c"
 
Building file: "../main.c"
Invoking: MSP430 Compiler
"C:/ti/ccs1200/ccs/tools/compiler/ti-cgt-msp430_21.6.0.LTS/bin/cl430" -vmspx --data_model=restricted -Ooff --use_hw_mpy=F5 --include_path="C:/ti/ccs1200/ccs/ccs_base/msp430/include" --include_path="C:/Users/crinconrogers/Documents/Cristobal Rincon and Lili/ece2049_demo_ccs91" --include_path="C:/Users/crinconrogers/Documents/Cristobal Rincon and Lili/ece2049_demo_ccs91/grlib" --include_path="C:/ti/ccs1200/ccs/tools/compiler/ti-cgt-msp430_21.6.0.LTS/include" --advice:power_severity=suppress --define=__MSP430F5529__ -g --gcc --printf_support=minimal --diag_warning=225 --display_error_number --abi=eabi --silicon_errata=CPU21 --silicon_errata=CPU22 --silicon_errata=CPU23 --silicon_errata=CPU40 --preproc_with_compile --preproc_dependency="main.d_raw"  "../main.c"
"../main.c", line 199: warning #169-D: argument of type "const char *" is incompatible with parameter of type "uint8_t *"
"../main.c", line 200: warning #169-D: argument of type "const char *" is incompatible with parameter of type "uint8_t *"
"../main.c", line 202: warning #169-D: argument of type "const char *" is incompatible with parameter of type "uint8_t *"
"../main.c", line 205: warning #169-D: argument of type "const char *" is incompatible with parameter of type "uint8_t *"
"../main.c", line 208: warning #169-D: argument of type "const char *" is incompatible with parameter of type "uint8_t *"
"../main.c", line 314: warning #169-D: argument of type "const char *" is incompatible with parameter of type "uint8_t *"
"../main.c", line 315: warning #169-D: argument of type "const char *" is incompatible with parameter of type "uint8_t *"
Finished building: "../main.c"
 
Building file: "../peripherals.c"
Invoking: MSP430 Compiler
"C:/ti/ccs1200/ccs/tools/compiler/ti-cgt-msp430_21.6.0.LTS/bin/cl430" -vmspx --data_model=restricted -Ooff --use_hw_mpy=F5 --include_path="C:/ti/ccs1200/ccs/ccs_base/msp430/include" --include_path="C:/Users/crinconrogers/Documents/Cristobal Rincon and Lili/ece2049_demo_ccs91" --include_path="C:/Users/crinconrogers/Documents/Cristobal Rincon and Lili/ece2049_demo_ccs91/grlib" --include_path="C:/ti/ccs1200/ccs/tools/compiler/ti-cgt-msp430_21.6.0.LTS/include" --advice:power_severity=suppress --define=__MSP430F5529__ -g --gcc --printf_support=minimal --diag_warning=225 --display_error_number --abi=eabi --silicon_errata=CPU21 --silicon_errata=CPU22 --silicon_errata=CPU23 --silicon_errata=CPU40 --preproc_with_compile --preproc_dependency="peripherals.d_raw"  "../peripherals.c"
Finished building: "../peripherals.c"
 
Building file: "../LcdDriver/HAL_MSP_EXP430FR5529_Sharp96x96.c"
Invoking: MSP430 Compiler
"C:/ti/ccs1200/ccs/tools/compiler/ti-cgt-msp430_21.6.0.LTS/bin/cl430" -vmspx --data_model=restricted -Ooff --use_hw_mpy=F5 --include_path="C:/ti/ccs1200/ccs/ccs_base/msp430/include" --include_path="C:/Users/crinconrogers/Documents/Cristobal Rincon and Lili/ece2049_demo_ccs91" --include_path="C:/Users/crinconrogers/Documents/Cristobal Rincon and Lili/ece2049_demo_ccs91/grlib" --include_path="C:/ti/ccs1200/ccs/tools/compiler/ti-cgt-msp430_21.6.0.LTS/include" --advice:power_severity=suppress --define=__MSP430F5529__ -g --gcc --printf_support=minimal --diag_warning=225 --display_error_number --abi=eabi --silicon_errata=CPU21 --silicon_errata=CPU22 --silicon_errata=CPU23 --silicon_errata=CPU40 --preproc_with_compile --preproc_dependency="LcdDriver/HAL_MSP_EXP430FR5529_Sharp96x96.d_raw" --obj_directory="LcdDriver"  "../LcdDriver/HAL_MSP_EXP430FR5529_Sharp96x96.c"
Finished building: "../LcdDriver/HAL_MSP_EXP430FR5529_Sharp96x96.c"
 
Building file: "../LcdDriver/Sharp96x96.c"
Invoking: MSP430 Compiler
"C:/ti/ccs1200/ccs/tools/compiler/ti-cgt-msp430_21.6.0.LTS/bin/cl430" -vmspx --data_model=restricted -Ooff --use_hw_mpy=F5 --include_path="C:/ti/ccs1200/ccs/ccs_base/msp430/include" --include_path="C:/Users/crinconrogers/Documents/Cristobal Rincon and Lili/ece2049_demo_ccs91" --include_path="C:/Users/crinconrogers/Documents/Cristobal Rincon and Lili/ece2049_demo_ccs91/grlib" --include_path="C:/ti/ccs1200/ccs/tools/compiler/ti-cgt-msp430_21.6.0.LTS/include" --advice:power_severity=suppress --define=__MSP430F5529__ -g --gcc --printf_support=minimal --diag_warning=225 --display_error_number --abi=eabi --silicon_errata=CPU21 --silicon_errata=CPU22 --silicon_errata=CPU23 --silicon_errata=CPU40 --preproc_with_compile --preproc_dependency="LcdDriver/Sharp96x96.d_raw" --obj_directory="LcdDriver"  "../LcdDriver/Sharp96x96.c"
Finished building: "../LcdDriver/Sharp96x96.c"
 
Building file: "../fonts/fontfixed6x8.c"
Invoking: MSP430 Compiler
"C:/ti/ccs1200/ccs/tools/compiler/ti-cgt-msp430_21.6.0.LTS/bin/cl430" -vmspx --data_model=restricted -Ooff --use_hw_mpy=F5 --include_path="C:/ti/ccs1200/ccs/ccs_base/msp430/include" --include_path="C:/Users/crinconrogers/Documents/Cristobal Rincon and Lili/ece2049_demo_ccs91" --include_path="C:/Users/crinconrogers/Documents/Cristobal Rincon and Lili/ece2049_demo_ccs91/grlib" --include_path="C:/ti/ccs1200/ccs/tools/compiler/ti-cgt-msp430_21.6.0.LTS/include" --advice:power_severity=suppress --define=__MSP430F5529__ -g --gcc --printf_support=minimal --diag_warning=225 --display_error_number --abi=eabi --silicon_errata=CPU21 --silicon_errata=CPU22 --silicon_errata=CPU23 --silicon_errata=CPU40 --preproc_with_compile --preproc_dependency="fonts/fontfixed6x8.d_raw" --obj_directory="fonts"  "../fonts/fontfixed6x8.c"
Finished building: "../fonts/fontfixed6x8.c"
 
Building file: "../images/LPRocket_96x37.c"
Invoking: MSP430 Compiler
"C:/ti/ccs1200/ccs/tools/compiler/ti-cgt-msp430_21.6.0.LTS/bin/cl430" -vmspx --data_model=restricted -Ooff --use_hw_mpy=F5 --include_path="C:/ti/ccs1200/ccs/ccs_base/msp430/include" --include_path="C:/Users/crinconrogers/Documents/Cristobal Rincon and Lili/ece2049_demo_ccs91" --include_path="C:/Users/crinconrogers/Documents/Cristobal Rincon and Lili/ece2049_demo_ccs91/grlib" --include_path="C:/ti/ccs1200/ccs/tools/compiler/ti-cgt-msp430_21.6.0.LTS/include" --advice:power_severity=suppress --define=__MSP430F5529__ -g --gcc --printf_support=minimal --diag_warning=225 --display_error_number --abi=eabi --silicon_errata=CPU21 --silicon_errata=CPU22 --silicon_errata=CPU23 --silicon_errata=CPU40 --preproc_with_compile --preproc_dependency="images/LPRocket_96x37.d_raw" --obj_directory="images"  "../images/LPRocket_96x37.c"
Finished building: "../images/LPRocket_96x37.c"
 
Building file: "../images/TI_Logo_69x64.c"
Invoking: MSP430 Compiler
"C:/ti/ccs1200/ccs/tools/compiler/ti-cgt-msp430_21.6.0.LTS/bin/cl430" -vmspx --data_model=restricted -Ooff --use_hw_mpy=F5 --include_path="C:/ti/ccs1200/ccs/ccs_base/msp430/include" --include_path="C:/Users/crinconrogers/Documents/Cristobal Rincon and Lili/ece2049_demo_ccs91" --include_path="C:/Users/crinconrogers/Documents/Cristobal Rincon and Lili/ece2049_demo_ccs91/grlib" --include_path="C:/ti/ccs1200/ccs/tools/compiler/ti-cgt-msp430_21.6.0.LTS/include" --advice:power_severity=suppress --define=__MSP430F5529__ -g --gcc --printf_support=minimal --diag_warning=225 --display_error_number --abi=eabi --silicon_errata=CPU21 --silicon_errata=CPU22 --silicon_errata=CPU23 --silicon_errata=CPU40 --preproc_with_compile --preproc_dependency="images/TI_Logo_69x64.d_raw" --obj_directory="images"  "../images/TI_Logo_69x64.c"
Finished building: "../images/TI_Logo_69x64.c"
 
Building target: "ece2049_demo_ccs91.out"
Invoking: MSP430 Linker
"C:/ti/ccs1200/ccs/tools/compiler/ti-cgt-msp430_21.6.0.LTS/bin/cl430" -vmspx --data_model=restricted -Ooff --use_hw_mpy=F5 --advice:power_severity=suppress --define=__MSP430F5529__ -g --gcc --printf_support=minimal --diag_warning=225 --display_error_number --abi=eabi --silicon_errata=CPU21 --silicon_errata=CPU22 --silicon_errata=CPU23 --silicon_errata=CPU40 -z -m"ece2049_demo_ccs91.map" --heap_size=160 --stack_size=160 --cinit_hold_wdt=on -i"C:/ti/ccs1200/ccs/ccs_base/msp430/include" -i"C:/Users/crinconrogers/Documents/Cristobal Rincon and Lili/ece2049_demo_ccs91/lib" -i"C:/ti/ccs1200/ccs/tools/compiler/ti-cgt-msp430_21.6.0.LTS/lib" -i"C:/ti/ccs1200/ccs/tools/compiler/ti-cgt-msp430_21.6.0.LTS/include" -i"C:/ti/ccs1200/ccs/ccs_base/msp430/lib/5xx_6xx_FRxx" --reread_libs --warn_sections --xml_link_info="ece2049_demo_ccs91_linkInfo.xml" --use_hw_mpy=F5 --rom_model -o "ece2049_demo_ccs91.out" "./adc12_tempSensor.obj" "./main.obj" "./peripherals.obj" "./LcdDriver/HAL_MSP_EXP430FR5529_Sharp96x96.obj" "./LcdDriver/Sharp96x96.obj" "./fonts/fontfixed6x8.obj" "./images/LPRocket_96x37.obj" "./images/TI_Logo_69x64.obj" "../lnk_msp430f5529.cmd" "../lib/grlib.lib"  -llibc.a -llibmath.a 
<Linking>
Finished building target: "ece2049_demo_ccs91.out"
 

**** Build Finished ****

**** Build of configuration Debug for project ece2049_demo_ccs91 ****

"C:\\ti\\ccs1200\\ccs\\utils\\bin\\gmake" -k all 
 
gmake: Nothing to be done for 'all'.

**** Build Finished ****

**** Build of configuration Debug for project ece2049_demo_ccs91 ****

"C:\\ti\\ccs1200\\ccs\\utils\\bin\\gmake" -k all 
 
Building file: "../main.c"
Invoking: MSP430 Compiler
"C:/ti/ccs1200/ccs/tools/compiler/ti-cgt-msp430_21.6.0.LTS/bin/cl430" -vmspx --data_model=restricted -Ooff --use_hw_mpy=F5 --include_path="C:/ti/ccs1200/ccs/ccs_base/msp430/include" --include_path="C:/Users/crinconrogers/Documents/Cristobal Rincon and Lili/ece2049_demo_ccs91" --include_path="C:/Users/crinconrogers/Documents/Cristobal Rincon and Lili/ece2049_demo_ccs91/grlib" --include_path="C:/ti/ccs1200/ccs/tools/compiler/ti-cgt-msp430_21.6.0.LTS/include" --advice:power_severity=suppress --define=__MSP430F5529__ -g --gcc --printf_support=minimal --diag_warning=225 --display_error_number --abi=eabi --silicon_errata=CPU21 --silicon_errata=CPU22 --silicon_errata=CPU23 --silicon_errata=CPU40 --preproc_with_compile --preproc_dependency="main.d_raw"  "../main.c"
 
>> Compilation failure
subdir_rules.mk:9: recipe for target 'main.obj' failed
"../main.c", line 113: error #29: expected an expression
"../main.c", line 113: error #20: identifier "i" is undefined
"../main.c", line 217: warning #169-D: argument of type "const char *" is incompatible with parameter of type "uint8_t *"
"../main.c", line 218: warning #169-D: argument of type "const char *" is incompatible with parameter of type "uint8_t *"
"../main.c", line 220: warning #169-D: argument of type "const char *" is incompatible with parameter of type "uint8_t *"
"../main.c", line 223: warning #169-D: argument of type "const char *" is incompatible with parameter of type "uint8_t *"
"../main.c", line 226: warning #169-D: argument of type "const char *" is incompatible with parameter of type "uint8_t *"
"../main.c", line 332: warning #169-D: argument of type "const char *" is incompatible with parameter of type "uint8_t *"
"../main.c", line 333: warning #169-D: argument of type "const char *" is incompatible with parameter of type "uint8_t *"
2 errors detected in the compilation of "../main.c".
gmake: *** [main.obj] Error 1
gmake: Target 'all' not remade because of errors.

**** Build Finished ****

**** Build of configuration Debug for project ece2049_demo_ccs91 ****

"C:\\ti\\ccs1200\\ccs\\utils\\bin\\gmake" -k all 
 
Building file: "../main.c"
Invoking: MSP430 Compiler
"C:/ti/ccs1200/ccs/tools/compiler/ti-cgt-msp430_21.6.0.LTS/bin/cl430" -vmspx --data_model=restricted -Ooff --use_hw_mpy=F5 --include_path="C:/ti/ccs1200/ccs/ccs_base/msp430/include" --include_path="C:/Users/crinconrogers/Documents/Cristobal Rincon and Lili/ece2049_demo_ccs91" --include_path="C:/Users/crinconrogers/Documents/Cristobal Rincon and Lili/ece2049_demo_ccs91/grlib" --include_path="C:/ti/ccs1200/ccs/tools/compiler/ti-cgt-msp430_21.6.0.LTS/include" --advice:power_severity=suppress --define=__MSP430F5529__ -g --gcc --printf_support=minimal --diag_warning=225 --display_error_number --abi=eabi --silicon_errata=CPU21 --silicon_errata=CPU22 --silicon_errata=CPU23 --silicon_errata=CPU40 --preproc_with_compile --preproc_dependency="main.d_raw"  "../main.c"
"../main.c", line 218: warning #169-D: argument of type "const char *" is incompatible with parameter of type "uint8_t *"
"../main.c", line 219: warning #169-D: argument of type "const char *" is incompatible with parameter of type "uint8_t *"
"../main.c", line 221: warning #169-D: argument of type "const char *" is incompatible with parameter of type "uint8_t *"
"../main.c", line 224: warning #169-D: argument of type "const char *" is incompatible with parameter of type "uint8_t *"
"../main.c", line 227: warning #169-D: argument of type "const char *" is incompatible with parameter of type "uint8_t *"
"../main.c", line 333: warning #169-D: argument of type "const char *" is incompatible with parameter of type "uint8_t *"
"../main.c", line 334: warning #169-D: argument of type "const char *" is incompatible with parameter of type "uint8_t *"
Finished building: "../main.c"
 
Building target: "ece2049_demo_ccs91.out"
Invoking: MSP430 Linker
"C:/ti/ccs1200/ccs/tools/compiler/ti-cgt-msp430_21.6.0.LTS/bin/cl430" -vmspx --data_model=restricted -Ooff --use_hw_mpy=F5 --advice:power_severity=suppress --define=__MSP430F5529__ -g --gcc --printf_support=minimal --diag_warning=225 --display_error_number --abi=eabi --silicon_errata=CPU21 --silicon_errata=CPU22 --silicon_errata=CPU23 --silicon_errata=CPU40 -z -m"ece2049_demo_ccs91.map" --heap_size=160 --stack_size=160 --cinit_hold_wdt=on -i"C:/ti/ccs1200/ccs/ccs_base/msp430/include" -i"C:/Users/crinconrogers/Documents/Cristobal Rincon and Lili/ece2049_demo_ccs91/lib" -i"C:/ti/ccs1200/ccs/tools/compiler/ti-cgt-msp430_21.6.0.LTS/lib" -i"C:/ti/ccs1200/ccs/tools/compiler/ti-cgt-msp430_21.6.0.LTS/include" -i"C:/ti/ccs1200/ccs/ccs_base/msp430/lib/5xx_6xx_FRxx" --reread_libs --warn_sections --xml_link_info="ece2049_demo_ccs91_linkInfo.xml" --use_hw_mpy=F5 --rom_model -o "ece2049_demo_ccs91.out" "./adc12_tempSensor.obj" "./main.obj" "./peripherals.obj" "./LcdDriver/HAL_MSP_EXP430FR5529_Sharp96x96.obj" "./LcdDriver/Sharp96x96.obj" "./fonts/fontfixed6x8.obj" "./images/LPRocket_96x37.obj" "./images/TI_Logo_69x64.obj" "../lnk_msp430f5529.cmd" "../lib/grlib.lib"  -llibc.a -llibmath.a 
<Linking>
Finished building target: "ece2049_demo_ccs91.out"
 

**** Build Finished ****

**** Build of configuration Debug for project ece2049_demo_ccs91 ****

"C:\\ti\\ccs1200\\ccs\\utils\\bin\\gmake" -k all 
 
gmake: Nothing to be done for 'all'.

**** Build Finished ****

**** Build of configuration Debug for project ece2049_demo_ccs91 ****

"C:\\ti\\ccs1200\\ccs\\utils\\bin\\gmake" -k all 
 
Building file: "../main.c"
Invoking: MSP430 Compiler
"C:/ti/ccs1200/ccs/tools/compiler/ti-cgt-msp430_21.6.0.LTS/bin/cl430" -vmspx --data_model=restricted -Ooff --use_hw_mpy=F5 --include_path="C:/ti/ccs1200/ccs/ccs_base/msp430/include" --include_path="C:/Users/crinconrogers/Documents/Cristobal Rincon and Lili/ece2049_demo_ccs91" --include_path="C:/Users/crinconrogers/Documents/Cristobal Rincon and Lili/ece2049_demo_ccs91/grlib" --include_path="C:/ti/ccs1200/ccs/tools/compiler/ti-cgt-msp430_21.6.0.LTS/include" --advice:power_severity=suppress --define=__MSP430F5529__ -g --gcc --printf_support=minimal --diag_warning=225 --display_error_number --abi=eabi --silicon_errata=CPU21 --silicon_errata=CPU22 --silicon_errata=CPU23 --silicon_errata=CPU40 --preproc_with_compile --preproc_dependency="main.d_raw"  "../main.c"
"../main.c", line 218: warning #169-D: argument of type "const char *" is incompatible with parameter of type "uint8_t *"
"../main.c", line 219: warning #169-D: argument of type "const char *" is incompatible with parameter of type "uint8_t *"
"../main.c", line 221: warning #169-D: argument of type "const char *" is incompatible with parameter of type "uint8_t *"
"../main.c", line 224: warning #169-D: argument of type "const char *" is incompatible with parameter of type "uint8_t *"
"../main.c", line 227: warning #169-D: argument of type "const char *" is incompatible with parameter of type "uint8_t *"
"../main.c", line 333: warning #169-D: argument of type "const char *" is incompatible with parameter of type "uint8_t *"
"../main.c", line 334: warning #169-D: argument of type "const char *" is incompatible with parameter of type "uint8_t *"
Finished building: "../main.c"
 
Building target: "ece2049_demo_ccs91.out"
Invoking: MSP430 Linker
"C:/ti/ccs1200/ccs/tools/compiler/ti-cgt-msp430_21.6.0.LTS/bin/cl430" -vmspx --data_model=restricted -Ooff --use_hw_mpy=F5 --advice:power_severity=suppress --define=__MSP430F5529__ -g --gcc --printf_support=minimal --diag_warning=225 --display_error_number --abi=eabi --silicon_errata=CPU21 --silicon_errata=CPU22 --silicon_errata=CPU23 --silicon_errata=CPU40 -z -m"ece2049_demo_ccs91.map" --heap_size=160 --stack_size=160 --cinit_hold_wdt=on -i"C:/ti/ccs1200/ccs/ccs_base/msp430/include" -i"C:/Users/crinconrogers/Documents/Cristobal Rincon and Lili/ece2049_demo_ccs91/lib" -i"C:/ti/ccs1200/ccs/tools/compiler/ti-cgt-msp430_21.6.0.LTS/lib" -i"C:/ti/ccs1200/ccs/tools/compiler/ti-cgt-msp430_21.6.0.LTS/include" -i"C:/ti/ccs1200/ccs/ccs_base/msp430/lib/5xx_6xx_FRxx" --reread_libs --warn_sections --xml_link_info="ece2049_demo_ccs91_linkInfo.xml" --use_hw_mpy=F5 --rom_model -o "ece2049_demo_ccs91.out" "./adc12_tempSensor.obj" "./main.obj" "./peripherals.obj" "./LcdDriver/HAL_MSP_EXP430FR5529_Sharp96x96.obj" "./LcdDriver/Sharp96x96.obj" "./fonts/fontfixed6x8.obj" "./images/LPRocket_96x37.obj" "./images/TI_Logo_69x64.obj" "../lnk_msp430f5529.cmd" "../lib/grlib.lib"  -llibc.a -llibmath.a 
<Linking>
Finished building target: "ece2049_demo_ccs91.out"
 

**** Build Finished ****

**** Build of configuration Debug for project ece2049_demo_ccs91 ****

"C:\\ti\\ccs1200\\ccs\\utils\\bin\\gmake" -k all 
 
Building file: "../main.c"
Invoking: MSP430 Compiler
"C:/ti/ccs1200/ccs/tools/compiler/ti-cgt-msp430_21.6.0.LTS/bin/cl430" -vmspx --data_model=restricted -Ooff --use_hw_mpy=F5 --include_path="C:/ti/ccs1200/ccs/ccs_base/msp430/include" --include_path="C:/Users/crinconrogers/Documents/Cristobal Rincon and Lili/ece2049_demo_ccs91" --include_path="C:/Users/crinconrogers/Documents/Cristobal Rincon and Lili/ece2049_demo_ccs91/grlib" --include_path="C:/ti/ccs1200/ccs/tools/compiler/ti-cgt-msp430_21.6.0.LTS/include" --advice:power_severity=suppress --define=__MSP430F5529__ -g --gcc --printf_support=minimal --diag_warning=225 --display_error_number --abi=eabi --silicon_errata=CPU21 --silicon_errata=CPU22 --silicon_errata=CPU23 --silicon_errata=CPU40 --preproc_with_compile --preproc_dependency="main.d_raw"  "../main.c"
"../main.c", line 218: warning #169-D: argument of type "const char *" is incompatible with parameter of type "uint8_t *"
"../main.c", line 219: warning #169-D: argument of type "const char *" is incompatible with parameter of type "uint8_t *"
"../main.c", line 221: warning #169-D: argument of type "const char *" is incompatible with parameter of type "uint8_t *"
"../main.c", line 224: warning #169-D: argument of type "const char *" is incompatible with parameter of type "uint8_t *"
"../main.c", line 227: warning #169-D: argument of type "const char *" is incompatible with parameter of type "uint8_t *"
"../main.c", line 333: warning #169-D: argument of type "const char *" is incompatible with parameter of type "uint8_t *"
"../main.c", line 334: warning #169-D: argument of type "const char *" is incompatible with parameter of type "uint8_t *"
Finished building: "../main.c"
 
Building target: "ece2049_demo_ccs91.out"
Invoking: MSP430 Linker
"C:/ti/ccs1200/ccs/tools/compiler/ti-cgt-msp430_21.6.0.LTS/bin/cl430" -vmspx --data_model=restricted -Ooff --use_hw_mpy=F5 --advice:power_severity=suppress --define=__MSP430F5529__ -g --gcc --printf_support=minimal --diag_warning=225 --display_error_number --abi=eabi --silicon_errata=CPU21 --silicon_errata=CPU22 --silicon_errata=CPU23 --silicon_errata=CPU40 -z -m"ece2049_demo_ccs91.map" --heap_size=160 --stack_size=160 --cinit_hold_wdt=on -i"C:/ti/ccs1200/ccs/ccs_base/msp430/include" -i"C:/Users/crinconrogers/Documents/Cristobal Rincon and Lili/ece2049_demo_ccs91/lib" -i"C:/ti/ccs1200/ccs/tools/compiler/ti-cgt-msp430_21.6.0.LTS/lib" -i"C:/ti/ccs1200/ccs/tools/compiler/ti-cgt-msp430_21.6.0.LTS/include" -i"C:/ti/ccs1200/ccs/ccs_base/msp430/lib/5xx_6xx_FRxx" --reread_libs --warn_sections --xml_link_info="ece2049_demo_ccs91_linkInfo.xml" --use_hw_mpy=F5 --rom_model -o "ece2049_demo_ccs91.out" "./adc12_tempSensor.obj" "./main.obj" "./peripherals.obj" "./LcdDriver/HAL_MSP_EXP430FR5529_Sharp96x96.obj" "./LcdDriver/Sharp96x96.obj" "./fonts/fontfixed6x8.obj" "./images/LPRocket_96x37.obj" "./images/TI_Logo_69x64.obj" "../lnk_msp430f5529.cmd" "../lib/grlib.lib"  -llibc.a -llibmath.a 
<Linking>
Finished building target: "ece2049_demo_ccs91.out"
 

**** Build Finished ****

**** Build of configuration Debug for project ece2049_demo_ccs91 ****

"C:\\ti\\ccs1200\\ccs\\utils\\bin\\gmake" -k all 
 
Building file: "../main.c"
Invoking: MSP430 Compiler
"C:/ti/ccs1200/ccs/tools/compiler/ti-cgt-msp430_21.6.0.LTS/bin/cl430" -vmspx --data_model=restricted -Ooff --use_hw_mpy=F5 --include_path="C:/ti/ccs1200/ccs/ccs_base/msp430/include" --include_path="C:/Users/crinconrogers/Documents/Cristobal Rincon and Lili/ece2049_demo_ccs91" --include_path="C:/Users/crinconrogers/Documents/Cristobal Rincon and Lili/ece2049_demo_ccs91/grlib" --include_path="C:/ti/ccs1200/ccs/tools/compiler/ti-cgt-msp430_21.6.0.LTS/include" --advice:power_severity=suppress --define=__MSP430F5529__ -g --gcc --printf_support=minimal --diag_warning=225 --display_error_number --abi=eabi --silicon_errata=CPU21 --silicon_errata=CPU22 --silicon_errata=CPU23 --silicon_errata=CPU40 --preproc_with_compile --preproc_dependency="main.d_raw"  "../main.c"
"../main.c", line 218: warning #169-D: argument of type "const char *" is incompatible with parameter of type "uint8_t *"
"../main.c", line 219: warning #169-D: argument of type "const char *" is incompatible with parameter of type "uint8_t *"
"../main.c", line 221: warning #169-D: argument of type "const char *" is incompatible with parameter of type "uint8_t *"
"../main.c", line 224: warning #169-D: argument of type "const char *" is incompatible with parameter of type "uint8_t *"
"../main.c", line 227: warning #169-D: argument of type "const char *" is incompatible with parameter of type "uint8_t *"
"../main.c", line 333: warning #169-D: argument of type "const char *" is incompatible with parameter of type "uint8_t *"
"../main.c", line 334: warning #169-D: argument of type "const char *" is incompatible with parameter of type "uint8_t *"
Finished building: "../main.c"
 
Building target: "ece2049_demo_ccs91.out"
Invoking: MSP430 Linker
"C:/ti/ccs1200/ccs/tools/compiler/ti-cgt-msp430_21.6.0.LTS/bin/cl430" -vmspx --data_model=restricted -Ooff --use_hw_mpy=F5 --advice:power_severity=suppress --define=__MSP430F5529__ -g --gcc --printf_support=minimal --diag_warning=225 --display_error_number --abi=eabi --silicon_errata=CPU21 --silicon_errata=CPU22 --silicon_errata=CPU23 --silicon_errata=CPU40 -z -m"ece2049_demo_ccs91.map" --heap_size=160 --stack_size=160 --cinit_hold_wdt=on -i"C:/ti/ccs1200/ccs/ccs_base/msp430/include" -i"C:/Users/crinconrogers/Documents/Cristobal Rincon and Lili/ece2049_demo_ccs91/lib" -i"C:/ti/ccs1200/ccs/tools/compiler/ti-cgt-msp430_21.6.0.LTS/lib" -i"C:/ti/ccs1200/ccs/tools/compiler/ti-cgt-msp430_21.6.0.LTS/include" -i"C:/ti/ccs1200/ccs/ccs_base/msp430/lib/5xx_6xx_FRxx" --reread_libs --warn_sections --xml_link_info="ece2049_demo_ccs91_linkInfo.xml" --use_hw_mpy=F5 --rom_model -o "ece2049_demo_ccs91.out" "./adc12_tempSensor.obj" "./main.obj" "./peripherals.obj" "./LcdDriver/HAL_MSP_EXP430FR5529_Sharp96x96.obj" "./LcdDriver/Sharp96x96.obj" "./fonts/fontfixed6x8.obj" "./images/LPRocket_96x37.obj" "./images/TI_Logo_69x64.obj" "../lnk_msp430f5529.cmd" "../lib/grlib.lib"  -llibc.a -llibmath.a 
<Linking>
Finished building target: "ece2049_demo_ccs91.out"
 

**** Build Finished ****

**** Build of configuration Debug for project ece2049_demo_ccs91 ****

"C:\\ti\\ccs1200\\ccs\\utils\\bin\\gmake" -k all 
 
Building file: "../main.c"
Invoking: MSP430 Compiler
"C:/ti/ccs1200/ccs/tools/compiler/ti-cgt-msp430_21.6.0.LTS/bin/cl430" -vmspx --data_model=restricted -Ooff --use_hw_mpy=F5 --include_path="C:/ti/ccs1200/ccs/ccs_base/msp430/include" --include_path="C:/Users/crinconrogers/Documents/Cristobal Rincon and Lili/ece2049_demo_ccs91" --include_path="C:/Users/crinconrogers/Documents/Cristobal Rincon and Lili/ece2049_demo_ccs91/grlib" --include_path="C:/ti/ccs1200/ccs/tools/compiler/ti-cgt-msp430_21.6.0.LTS/include" --advice:power_severity=suppress --define=__MSP430F5529__ -g --gcc --printf_support=minimal --diag_warning=225 --display_error_number --abi=eabi --silicon_errata=CPU21 --silicon_errata=CPU22 --silicon_errata=CPU23 --silicon_errata=CPU40 --preproc_with_compile --preproc_dependency="main.d_raw"  "../main.c"
 
>> Compilation failure
subdir_rules.mk:9: recipe for target 'main.obj' failed
"../main.c", line 107: warning #225-D: function "getAvgTemp" declared implicitly
"../main.c", line 209: warning #169-D: argument of type "const char *" is incompatible with parameter of type "uint8_t *"
"../main.c", line 210: warning #169-D: argument of type "const char *" is incompatible with parameter of type "uint8_t *"
"../main.c", line 212: warning #169-D: argument of type "const char *" is incompatible with parameter of type "uint8_t *"
"../main.c", line 215: warning #169-D: argument of type "const char *" is incompatible with parameter of type "uint8_t *"
"../main.c", line 218: warning #169-D: argument of type "const char *" is incompatible with parameter of type "uint8_t *"
"../main.c", line 324: warning #169-D: argument of type "const char *" is incompatible with parameter of type "uint8_t *"
"../main.c", line 325: warning #169-D: argument of type "const char *" is incompatible with parameter of type "uint8_t *"
"../main.c", line 328: warning #161-D: declaration is incompatible with previous "getAvgTemp" (declared at line 107)
"../main.c", line 330: error #85: invalid combination of type specifiers
"../main.c", line 340: error #171: expected a declaration
At end of source: warning #12-D: parsing restarts here after previous syntax error
2 errors detected in the compilation of "../main.c".
gmake: *** [main.obj] Error 1
gmake: Target 'all' not remade because of errors.

**** Build Finished ****

**** Build of configuration Debug for project ece2049_demo_ccs91 ****

"C:\\ti\\ccs1200\\ccs\\utils\\bin\\gmake" -k all 
 
Building file: "../main.c"
Invoking: MSP430 Compiler
"C:/ti/ccs1200/ccs/tools/compiler/ti-cgt-msp430_21.6.0.LTS/bin/cl430" -vmspx --data_model=restricted -Ooff --use_hw_mpy=F5 --include_path="C:/ti/ccs1200/ccs/ccs_base/msp430/include" --include_path="C:/Users/crinconrogers/Documents/Cristobal Rincon and Lili/ece2049_demo_ccs91" --include_path="C:/Users/crinconrogers/Documents/Cristobal Rincon and Lili/ece2049_demo_ccs91/grlib" --include_path="C:/ti/ccs1200/ccs/tools/compiler/ti-cgt-msp430_21.6.0.LTS/include" --advice:power_severity=suppress --define=__MSP430F5529__ -g --gcc --printf_support=minimal --diag_warning=225 --display_error_number --abi=eabi --silicon_errata=CPU21 --silicon_errata=CPU22 --silicon_errata=CPU23 --silicon_errata=CPU40 --preproc_with_compile --preproc_dependency="main.d_raw"  "../main.c"
 
>> Compilation failure
subdir_rules.mk:9: recipe for target 'main.obj' failed
"../main.c", line 107: warning #225-D: function "getAvgTemp" declared implicitly
"../main.c", line 209: warning #169-D: argument of type "const char *" is incompatible with parameter of type "uint8_t *"
"../main.c", line 210: warning #169-D: argument of type "const char *" is incompatible with parameter of type "uint8_t *"
"../main.c", line 212: warning #169-D: argument of type "const char *" is incompatible with parameter of type "uint8_t *"
"../main.c", line 215: warning #169-D: argument of type "const char *" is incompatible with parameter of type "uint8_t *"
"../main.c", line 218: warning #169-D: argument of type "const char *" is incompatible with parameter of type "uint8_t *"
"../main.c", line 324: warning #169-D: argument of type "const char *" is incompatible with parameter of type "uint8_t *"
"../main.c", line 325: warning #169-D: argument of type "const char *" is incompatible with parameter of type "uint8_t *"
"../main.c", line 328: warning #161-D: declaration is incompatible with previous "getAvgTemp" (declared at line 107)
"../main.c", line 340: error #171: expected a declaration
At end of source: warning #12-D: parsing restarts here after previous syntax error
1 error detected in the compilation of "../main.c".
gmake: *** [main.obj] Error 1
gmake: Target 'all' not remade because of errors.

**** Build Finished ****

**** Build of configuration Debug for project ece2049_demo_ccs91 ****

"C:\\ti\\ccs1200\\ccs\\utils\\bin\\gmake" -k all 
 
Building file: "../main.c"
Invoking: MSP430 Compiler
"C:/ti/ccs1200/ccs/tools/compiler/ti-cgt-msp430_21.6.0.LTS/bin/cl430" -vmspx --data_model=restricted -Ooff --use_hw_mpy=F5 --include_path="C:/ti/ccs1200/ccs/ccs_base/msp430/include" --include_path="C:/Users/crinconrogers/Documents/Cristobal Rincon and Lili/ece2049_demo_ccs91" --include_path="C:/Users/crinconrogers/Documents/Cristobal Rincon and Lili/ece2049_demo_ccs91/grlib" --include_path="C:/ti/ccs1200/ccs/tools/compiler/ti-cgt-msp430_21.6.0.LTS/include" --advice:power_severity=suppress --define=__MSP430F5529__ -g --gcc --printf_support=minimal --diag_warning=225 --display_error_number --abi=eabi --silicon_errata=CPU21 --silicon_errata=CPU22 --silicon_errata=CPU23 --silicon_errata=CPU40 --preproc_with_compile --preproc_dependency="main.d_raw"  "../main.c"
 
>> Compilation failure
subdir_rules.mk:9: recipe for target 'main.obj' failed
"../main.c", line 107: warning #225-D: function "getAvgTemp" declared implicitly
"../main.c", line 209: warning #169-D: argument of type "const char *" is incompatible with parameter of type "uint8_t *"
"../main.c", line 210: warning #169-D: argument of type "const char *" is incompatible with parameter of type "uint8_t *"
"../main.c", line 212: warning #169-D: argument of type "const char *" is incompatible with parameter of type "uint8_t *"
"../main.c", line 215: warning #169-D: argument of type "const char *" is incompatible with parameter of type "uint8_t *"
"../main.c", line 218: warning #169-D: argument of type "const char *" is incompatible with parameter of type "uint8_t *"
"../main.c", line 324: warning #169-D: argument of type "const char *" is incompatible with parameter of type "uint8_t *"
"../main.c", line 325: warning #169-D: argument of type "const char *" is incompatible with parameter of type "uint8_t *"
"../main.c", line 328: warning #161-D: declaration is incompatible with previous "getAvgTemp" (declared at line 107)
"../main.c", line 340: error #171: expected a declaration
At end of source: warning #12-D: parsing restarts here after previous syntax error
1 error detected in the compilation of "../main.c".
gmake: *** [main.obj] Error 1
gmake: Target 'all' not remade because of errors.

**** Build Finished ****

**** Build of configuration Debug for project ece2049_demo_ccs91 ****

"C:\\ti\\ccs1200\\ccs\\utils\\bin\\gmake" -k all 
 
Building file: "../main.c"
Invoking: MSP430 Compiler
"C:/ti/ccs1200/ccs/tools/compiler/ti-cgt-msp430_21.6.0.LTS/bin/cl430" -vmspx --data_model=restricted -Ooff --use_hw_mpy=F5 --include_path="C:/ti/ccs1200/ccs/ccs_base/msp430/include" --include_path="C:/Users/crinconrogers/Documents/Cristobal Rincon and Lili/ece2049_demo_ccs91" --include_path="C:/Users/crinconrogers/Documents/Cristobal Rincon and Lili/ece2049_demo_ccs91/grlib" --include_path="C:/ti/ccs1200/ccs/tools/compiler/ti-cgt-msp430_21.6.0.LTS/include" --advice:power_severity=suppress --define=__MSP430F5529__ -g --gcc --printf_support=minimal --diag_warning=225 --display_error_number --abi=eabi --silicon_errata=CPU21 --silicon_errata=CPU22 --silicon_errata=CPU23 --silicon_errata=CPU40 --preproc_with_compile --preproc_dependency="main.d_raw"  "../main.c"
"../main.c", line 107: warning #225-D: function "getAvgTemp" declared implicitly
"../main.c", line 209: warning #169-D: argument of type "const char *" is incompatible with parameter of type "uint8_t *"
"../main.c", line 210: warning #169-D: argument of type "const char *" is incompatible with parameter of type "uint8_t *"
"../main.c", line 212: warning #169-D: argument of type "const char *" is incompatible with parameter of type "uint8_t *"
"../main.c", line 215: warning #169-D: argument of type "const char *" is incompatible with parameter of type "uint8_t *"
"../main.c", line 218: warning #169-D: argument of type "const char *" is incompatible with parameter of type "uint8_t *"
"../main.c", line 324: warning #169-D: argument of type "const char *" is incompatible with parameter of type "uint8_t *"
"../main.c", line 325: warning #169-D: argument of type "const char *" is incompatible with parameter of type "uint8_t *"
"../main.c", line 328: warning #161-D: declaration is incompatible with previous "getAvgTemp" (declared at line 107)
Finished building: "../main.c"
 
Building target: "ece2049_demo_ccs91.out"
Invoking: MSP430 Linker
"C:/ti/ccs1200/ccs/tools/compiler/ti-cgt-msp430_21.6.0.LTS/bin/cl430" -vmspx --data_model=restricted -Ooff --use_hw_mpy=F5 --advice:power_severity=suppress --define=__MSP430F5529__ -g --gcc --printf_support=minimal --diag_warning=225 --display_error_number --abi=eabi --silicon_errata=CPU21 --silicon_errata=CPU22 --silicon_errata=CPU23 --silicon_errata=CPU40 -z -m"ece2049_demo_ccs91.map" --heap_size=160 --stack_size=160 --cinit_hold_wdt=on -i"C:/ti/ccs1200/ccs/ccs_base/msp430/include" -i"C:/Users/crinconrogers/Documents/Cristobal Rincon and Lili/ece2049_demo_ccs91/lib" -i"C:/ti/ccs1200/ccs/tools/compiler/ti-cgt-msp430_21.6.0.LTS/lib" -i"C:/ti/ccs1200/ccs/tools/compiler/ti-cgt-msp430_21.6.0.LTS/include" -i"C:/ti/ccs1200/ccs/ccs_base/msp430/lib/5xx_6xx_FRxx" --reread_libs --warn_sections --xml_link_info="ece2049_demo_ccs91_linkInfo.xml" --use_hw_mpy=F5 --rom_model -o "ece2049_demo_ccs91.out" "./adc12_tempSensor.obj" "./main.obj" "./peripherals.obj" "./LcdDriver/HAL_MSP_EXP430FR5529_Sharp96x96.obj" "./LcdDriver/Sharp96x96.obj" "./fonts/fontfixed6x8.obj" "./images/LPRocket_96x37.obj" "./images/TI_Logo_69x64.obj" "../lnk_msp430f5529.cmd" "../lib/grlib.lib"  -llibc.a -llibmath.a 
<Linking>
Finished building target: "ece2049_demo_ccs91.out"
 

**** Build Finished ****

**** Build of configuration Debug for project ece2049_demo_ccs91 ****

"C:\\ti\\ccs1200\\ccs\\utils\\bin\\gmake" -k all 
 
Building file: "../main.c"
Invoking: MSP430 Compiler
"C:/ti/ccs1200/ccs/tools/compiler/ti-cgt-msp430_21.6.0.LTS/bin/cl430" -vmspx --data_model=restricted -Ooff --use_hw_mpy=F5 --include_path="C:/ti/ccs1200/ccs/ccs_base/msp430/include" --include_path="C:/Users/crinconrogers/Documents/Cristobal Rincon and Lili/ece2049_demo_ccs91" --include_path="C:/Users/crinconrogers/Documents/Cristobal Rincon and Lili/ece2049_demo_ccs91/grlib" --include_path="C:/ti/ccs1200/ccs/tools/compiler/ti-cgt-msp430_21.6.0.LTS/include" --advice:power_severity=suppress --define=__MSP430F5529__ -g --gcc --printf_support=minimal --diag_warning=225 --display_error_number --abi=eabi --silicon_errata=CPU21 --silicon_errata=CPU22 --silicon_errata=CPU23 --silicon_errata=CPU40 --preproc_with_compile --preproc_dependency="main.d_raw"  "../main.c"
"../main.c", line 210: warning #169-D: argument of type "const char *" is incompatible with parameter of type "uint8_t *"
"../main.c", line 211: warning #169-D: argument of type "const char *" is incompatible with parameter of type "uint8_t *"
"../main.c", line 213: warning #169-D: argument of type "const char *" is incompatible with parameter of type "uint8_t *"
"../main.c", line 216: warning #169-D: argument of type "const char *" is incompatible with parameter of type "uint8_t *"
"../main.c", line 219: warning #169-D: argument of type "const char *" is incompatible with parameter of type "uint8_t *"
"../main.c", line 325: warning #169-D: argument of type "const char *" is incompatible with parameter of type "uint8_t *"
"../main.c", line 326: warning #169-D: argument of type "const char *" is incompatible with parameter of type "uint8_t *"
Finished building: "../main.c"
 
Building target: "ece2049_demo_ccs91.out"
Invoking: MSP430 Linker
"C:/ti/ccs1200/ccs/tools/compiler/ti-cgt-msp430_21.6.0.LTS/bin/cl430" -vmspx --data_model=restricted -Ooff --use_hw_mpy=F5 --advice:power_severity=suppress --define=__MSP430F5529__ -g --gcc --printf_support=minimal --diag_warning=225 --display_error_number --abi=eabi --silicon_errata=CPU21 --silicon_errata=CPU22 --silicon_errata=CPU23 --silicon_errata=CPU40 -z -m"ece2049_demo_ccs91.map" --heap_size=160 --stack_size=160 --cinit_hold_wdt=on -i"C:/ti/ccs1200/ccs/ccs_base/msp430/include" -i"C:/Users/crinconrogers/Documents/Cristobal Rincon and Lili/ece2049_demo_ccs91/lib" -i"C:/ti/ccs1200/ccs/tools/compiler/ti-cgt-msp430_21.6.0.LTS/lib" -i"C:/ti/ccs1200/ccs/tools/compiler/ti-cgt-msp430_21.6.0.LTS/include" -i"C:/ti/ccs1200/ccs/ccs_base/msp430/lib/5xx_6xx_FRxx" --reread_libs --warn_sections --xml_link_info="ece2049_demo_ccs91_linkInfo.xml" --use_hw_mpy=F5 --rom_model -o "ece2049_demo_ccs91.out" "./adc12_tempSensor.obj" "./main.obj" "./peripherals.obj" "./LcdDriver/HAL_MSP_EXP430FR5529_Sharp96x96.obj" "./LcdDriver/Sharp96x96.obj" "./fonts/fontfixed6x8.obj" "./images/LPRocket_96x37.obj" "./images/TI_Logo_69x64.obj" "../lnk_msp430f5529.cmd" "../lib/grlib.lib"  -llibc.a -llibmath.a 
<Linking>
Finished building target: "ece2049_demo_ccs91.out"
 

**** Build Finished ****

**** Build of configuration Debug for project ece2049_demo_ccs91 ****

"C:\\ti\\ccs1200\\ccs\\utils\\bin\\gmake" -k all 
 
gmake: Nothing to be done for 'all'.

**** Build Finished ****

**** Build of configuration Debug for project ece2049_demo_ccs91 ****

"C:\\ti\\ccs1200\\ccs\\utils\\bin\\gmake" -k all 
 
Building file: "../main.c"
Invoking: MSP430 Compiler
"C:/ti/ccs1200/ccs/tools/compiler/ti-cgt-msp430_21.6.0.LTS/bin/cl430" -vmspx --data_model=restricted -Ooff --use_hw_mpy=F5 --include_path="C:/ti/ccs1200/ccs/ccs_base/msp430/include" --include_path="C:/Users/crinconrogers/Documents/Cristobal Rincon and Lili/ece2049_demo_ccs91" --include_path="C:/Users/crinconrogers/Documents/Cristobal Rincon and Lili/ece2049_demo_ccs91/grlib" --include_path="C:/ti/ccs1200/ccs/tools/compiler/ti-cgt-msp430_21.6.0.LTS/include" --advice:power_severity=suppress --define=__MSP430F5529__ -g --gcc --printf_support=minimal --diag_warning=225 --display_error_number --abi=eabi --silicon_errata=CPU21 --silicon_errata=CPU22 --silicon_errata=CPU23 --silicon_errata=CPU40 --preproc_with_compile --preproc_dependency="main.d_raw"  "../main.c"
"../main.c", line 206: warning #169-D: argument of type "const char *" is incompatible with parameter of type "uint8_t *"
"../main.c", line 207: warning #169-D: argument of type "const char *" is incompatible with parameter of type "uint8_t *"
"../main.c", line 209: warning #169-D: argument of type "const char *" is incompatible with parameter of type "uint8_t *"
"../main.c", line 212: warning #169-D: argument of type "const char *" is incompatible with parameter of type "uint8_t *"
"../main.c", line 215: warning #169-D: argument of type "const char *" is incompatible with parameter of type "uint8_t *"
"../main.c", line 321: warning #169-D: argument of type "const char *" is incompatible with parameter of type "uint8_t *"
"../main.c", line 322: warning #169-D: argument of type "const char *" is incompatible with parameter of type "uint8_t *"
Finished building: "../main.c"
 
Building target: "ece2049_demo_ccs91.out"
Invoking: MSP430 Linker
"C:/ti/ccs1200/ccs/tools/compiler/ti-cgt-msp430_21.6.0.LTS/bin/cl430" -vmspx --data_model=restricted -Ooff --use_hw_mpy=F5 --advice:power_severity=suppress --define=__MSP430F5529__ -g --gcc --printf_support=minimal --diag_warning=225 --display_error_number --abi=eabi --silicon_errata=CPU21 --silicon_errata=CPU22 --silicon_errata=CPU23 --silicon_errata=CPU40 -z -m"ece2049_demo_ccs91.map" --heap_size=160 --stack_size=160 --cinit_hold_wdt=on -i"C:/ti/ccs1200/ccs/ccs_base/msp430/include" -i"C:/Users/crinconrogers/Documents/Cristobal Rincon and Lili/ece2049_demo_ccs91/lib" -i"C:/ti/ccs1200/ccs/tools/compiler/ti-cgt-msp430_21.6.0.LTS/lib" -i"C:/ti/ccs1200/ccs/tools/compiler/ti-cgt-msp430_21.6.0.LTS/include" -i"C:/ti/ccs1200/ccs/ccs_base/msp430/lib/5xx_6xx_FRxx" --reread_libs --warn_sections --xml_link_info="ece2049_demo_ccs91_linkInfo.xml" --use_hw_mpy=F5 --rom_model -o "ece2049_demo_ccs91.out" "./adc12_tempSensor.obj" "./main.obj" "./peripherals.obj" "./LcdDriver/HAL_MSP_EXP430FR5529_Sharp96x96.obj" "./LcdDriver/Sharp96x96.obj" "./fonts/fontfixed6x8.obj" "./images/LPRocket_96x37.obj" "./images/TI_Logo_69x64.obj" "../lnk_msp430f5529.cmd" "../lib/grlib.lib"  -llibc.a -llibmath.a 
<Linking>
Finished building target: "ece2049_demo_ccs91.out"
 

**** Build Finished ****

**** Build of configuration Debug for project ece2049_demo_ccs91 ****

"C:\\ti\\ccs1200\\ccs\\utils\\bin\\gmake" -k all 
 
Building file: "../main.c"
Invoking: MSP430 Compiler
"C:/ti/ccs1200/ccs/tools/compiler/ti-cgt-msp430_21.6.0.LTS/bin/cl430" -vmspx --data_model=restricted -Ooff --use_hw_mpy=F5 --include_path="C:/ti/ccs1200/ccs/ccs_base/msp430/include" --include_path="C:/Users/crinconrogers/Documents/Cristobal Rincon and Lili/ece2049_demo_ccs91" --include_path="C:/Users/crinconrogers/Documents/Cristobal Rincon and Lili/ece2049_demo_ccs91/grlib" --include_path="C:/ti/ccs1200/ccs/tools/compiler/ti-cgt-msp430_21.6.0.LTS/include" --advice:power_severity=suppress --define=__MSP430F5529__ -g --gcc --printf_support=minimal --diag_warning=225 --display_error_number --abi=eabi --silicon_errata=CPU21 --silicon_errata=CPU22 --silicon_errata=CPU23 --silicon_errata=CPU40 --preproc_with_compile --preproc_dependency="main.d_raw"  "../main.c"
"../main.c", line 207: warning #169-D: argument of type "const char *" is incompatible with parameter of type "uint8_t *"
"../main.c", line 208: warning #169-D: argument of type "const char *" is incompatible with parameter of type "uint8_t *"
"../main.c", line 210: warning #169-D: argument of type "const char *" is incompatible with parameter of type "uint8_t *"
"../main.c", line 213: warning #169-D: argument of type "const char *" is incompatible with parameter of type "uint8_t *"
"../main.c", line 216: warning #169-D: argument of type "const char *" is incompatible with parameter of type "uint8_t *"
"../main.c", line 322: warning #169-D: argument of type "const char *" is incompatible with parameter of type "uint8_t *"
"../main.c", line 323: warning #169-D: argument of type "const char *" is incompatible with parameter of type "uint8_t *"
Finished building: "../main.c"
 
Building target: "ece2049_demo_ccs91.out"
Invoking: MSP430 Linker
"C:/ti/ccs1200/ccs/tools/compiler/ti-cgt-msp430_21.6.0.LTS/bin/cl430" -vmspx --data_model=restricted -Ooff --use_hw_mpy=F5 --advice:power_severity=suppress --define=__MSP430F5529__ -g --gcc --printf_support=minimal --diag_warning=225 --display_error_number --abi=eabi --silicon_errata=CPU21 --silicon_errata=CPU22 --silicon_errata=CPU23 --silicon_errata=CPU40 -z -m"ece2049_demo_ccs91.map" --heap_size=160 --stack_size=160 --cinit_hold_wdt=on -i"C:/ti/ccs1200/ccs/ccs_base/msp430/include" -i"C:/Users/crinconrogers/Documents/Cristobal Rincon and Lili/ece2049_demo_ccs91/lib" -i"C:/ti/ccs1200/ccs/tools/compiler/ti-cgt-msp430_21.6.0.LTS/lib" -i"C:/ti/ccs1200/ccs/tools/compiler/ti-cgt-msp430_21.6.0.LTS/include" -i"C:/ti/ccs1200/ccs/ccs_base/msp430/lib/5xx_6xx_FRxx" --reread_libs --warn_sections --xml_link_info="ece2049_demo_ccs91_linkInfo.xml" --use_hw_mpy=F5 --rom_model -o "ece2049_demo_ccs91.out" "./adc12_tempSensor.obj" "./main.obj" "./peripherals.obj" "./LcdDriver/HAL_MSP_EXP430FR5529_Sharp96x96.obj" "./LcdDriver/Sharp96x96.obj" "./fonts/fontfixed6x8.obj" "./images/LPRocket_96x37.obj" "./images/TI_Logo_69x64.obj" "../lnk_msp430f5529.cmd" "../lib/grlib.lib"  -llibc.a -llibmath.a 
<Linking>
Finished building target: "ece2049_demo_ccs91.out"
 

**** Build Finished ****

**** Build of configuration Debug for project ece2049_demo_ccs91 ****

"C:\\ti\\ccs1200\\ccs\\utils\\bin\\gmake" -k all 
 
Building file: "../main.c"
Invoking: MSP430 Compiler
"C:/ti/ccs1200/ccs/tools/compiler/ti-cgt-msp430_21.6.0.LTS/bin/cl430" -vmspx --data_model=restricted -Ooff --use_hw_mpy=F5 --include_path="C:/ti/ccs1200/ccs/ccs_base/msp430/include" --include_path="C:/Users/crinconrogers/Documents/Cristobal Rincon and Lili/ece2049_demo_ccs91" --include_path="C:/Users/crinconrogers/Documents/Cristobal Rincon and Lili/ece2049_demo_ccs91/grlib" --include_path="C:/ti/ccs1200/ccs/tools/compiler/ti-cgt-msp430_21.6.0.LTS/include" --advice:power_severity=suppress --define=__MSP430F5529__ -g --gcc --printf_support=minimal --diag_warning=225 --display_error_number --abi=eabi --silicon_errata=CPU21 --silicon_errata=CPU22 --silicon_errata=CPU23 --silicon_errata=CPU40 --preproc_with_compile --preproc_dependency="main.d_raw"  "../main.c"
"../main.c", line 208: warning #169-D: argument of type "const char *" is incompatible with parameter of type "uint8_t *"
"../main.c", line 209: warning #169-D: argument of type "const char *" is incompatible with parameter of type "uint8_t *"
"../main.c", line 211: warning #169-D: argument of type "const char *" is incompatible with parameter of type "uint8_t *"
"../main.c", line 214: warning #169-D: argument of type "const char *" is incompatible with parameter of type "uint8_t *"
"../main.c", line 217: warning #169-D: argument of type "const char *" is incompatible with parameter of type "uint8_t *"
"../main.c", line 323: warning #169-D: argument of type "const char *" is incompatible with parameter of type "uint8_t *"
"../main.c", line 324: warning #169-D: argument of type "const char *" is incompatible with parameter of type "uint8_t *"
Finished building: "../main.c"
 
Building target: "ece2049_demo_ccs91.out"
Invoking: MSP430 Linker
"C:/ti/ccs1200/ccs/tools/compiler/ti-cgt-msp430_21.6.0.LTS/bin/cl430" -vmspx --data_model=restricted -Ooff --use_hw_mpy=F5 --advice:power_severity=suppress --define=__MSP430F5529__ -g --gcc --printf_support=minimal --diag_warning=225 --display_error_number --abi=eabi --silicon_errata=CPU21 --silicon_errata=CPU22 --silicon_errata=CPU23 --silicon_errata=CPU40 -z -m"ece2049_demo_ccs91.map" --heap_size=160 --stack_size=160 --cinit_hold_wdt=on -i"C:/ti/ccs1200/ccs/ccs_base/msp430/include" -i"C:/Users/crinconrogers/Documents/Cristobal Rincon and Lili/ece2049_demo_ccs91/lib" -i"C:/ti/ccs1200/ccs/tools/compiler/ti-cgt-msp430_21.6.0.LTS/lib" -i"C:/ti/ccs1200/ccs/tools/compiler/ti-cgt-msp430_21.6.0.LTS/include" -i"C:/ti/ccs1200/ccs/ccs_base/msp430/lib/5xx_6xx_FRxx" --reread_libs --warn_sections --xml_link_info="ece2049_demo_ccs91_linkInfo.xml" --use_hw_mpy=F5 --rom_model -o "ece2049_demo_ccs91.out" "./adc12_tempSensor.obj" "./main.obj" "./peripherals.obj" "./LcdDriver/HAL_MSP_EXP430FR5529_Sharp96x96.obj" "./LcdDriver/Sharp96x96.obj" "./fonts/fontfixed6x8.obj" "./images/LPRocket_96x37.obj" "./images/TI_Logo_69x64.obj" "../lnk_msp430f5529.cmd" "../lib/grlib.lib"  -llibc.a -llibmath.a 
<Linking>
Finished building target: "ece2049_demo_ccs91.out"
 

**** Build Finished ****

**** Build of configuration Debug for project ece2049_demo_ccs91 ****

"C:\\ti\\ccs1200\\ccs\\utils\\bin\\gmake" -k all 
 
Building file: "../main.c"
Invoking: MSP430 Compiler
"C:/ti/ccs1200/ccs/tools/compiler/ti-cgt-msp430_21.6.0.LTS/bin/cl430" -vmspx --data_model=restricted -Ooff --use_hw_mpy=F5 --include_path="C:/ti/ccs1200/ccs/ccs_base/msp430/include" --include_path="C:/Users/crinconrogers/Documents/Cristobal Rincon and Lili/ece2049_demo_ccs91" --include_path="C:/Users/crinconrogers/Documents/Cristobal Rincon and Lili/ece2049_demo_ccs91/grlib" --include_path="C:/ti/ccs1200/ccs/tools/compiler/ti-cgt-msp430_21.6.0.LTS/include" --advice:power_severity=suppress --define=__MSP430F5529__ -g --gcc --printf_support=minimal --diag_warning=225 --display_error_number --abi=eabi --silicon_errata=CPU21 --silicon_errata=CPU22 --silicon_errata=CPU23 --silicon_errata=CPU40 --preproc_with_compile --preproc_dependency="main.d_raw"  "../main.c"
"../main.c", line 208: warning #169-D: argument of type "const char *" is incompatible with parameter of type "uint8_t *"
"../main.c", line 209: warning #169-D: argument of type "const char *" is incompatible with parameter of type "uint8_t *"
"../main.c", line 211: warning #169-D: argument of type "const char *" is incompatible with parameter of type "uint8_t *"
"../main.c", line 214: warning #169-D: argument of type "const char *" is incompatible with parameter of type "uint8_t *"
"../main.c", line 217: warning #169-D: argument of type "const char *" is incompatible with parameter of type "uint8_t *"
"../main.c", line 323: warning #169-D: argument of type "const char *" is incompatible with parameter of type "uint8_t *"
"../main.c", line 324: warning #169-D: argument of type "const char *" is incompatible with parameter of type "uint8_t *"
Finished building: "../main.c"
 
Building target: "ece2049_demo_ccs91.out"
Invoking: MSP430 Linker
"C:/ti/ccs1200/ccs/tools/compiler/ti-cgt-msp430_21.6.0.LTS/bin/cl430" -vmspx --data_model=restricted -Ooff --use_hw_mpy=F5 --advice:power_severity=suppress --define=__MSP430F5529__ -g --gcc --printf_support=minimal --diag_warning=225 --display_error_number --abi=eabi --silicon_errata=CPU21 --silicon_errata=CPU22 --silicon_errata=CPU23 --silicon_errata=CPU40 -z -m"ece2049_demo_ccs91.map" --heap_size=160 --stack_size=160 --cinit_hold_wdt=on -i"C:/ti/ccs1200/ccs/ccs_base/msp430/include" -i"C:/Users/crinconrogers/Documents/Cristobal Rincon and Lili/ece2049_demo_ccs91/lib" -i"C:/ti/ccs1200/ccs/tools/compiler/ti-cgt-msp430_21.6.0.LTS/lib" -i"C:/ti/ccs1200/ccs/tools/compiler/ti-cgt-msp430_21.6.0.LTS/include" -i"C:/ti/ccs1200/ccs/ccs_base/msp430/lib/5xx_6xx_FRxx" --reread_libs --warn_sections --xml_link_info="ece2049_demo_ccs91_linkInfo.xml" --use_hw_mpy=F5 --rom_model -o "ece2049_demo_ccs91.out" "./adc12_tempSensor.obj" "./main.obj" "./peripherals.obj" "./LcdDriver/HAL_MSP_EXP430FR5529_Sharp96x96.obj" "./LcdDriver/Sharp96x96.obj" "./fonts/fontfixed6x8.obj" "./images/LPRocket_96x37.obj" "./images/TI_Logo_69x64.obj" "../lnk_msp430f5529.cmd" "../lib/grlib.lib"  -llibc.a -llibmath.a 
<Linking>
Finished building target: "ece2049_demo_ccs91.out"
 

**** Build Finished ****

**** Build of configuration Debug for project ece2049_demo_ccs91 ****

"C:\\ti\\ccs1200\\ccs\\utils\\bin\\gmake" -k all 
 
Building file: "../main.c"
Invoking: MSP430 Compiler
"C:/ti/ccs1200/ccs/tools/compiler/ti-cgt-msp430_21.6.0.LTS/bin/cl430" -vmspx --data_model=restricted -Ooff --use_hw_mpy=F5 --include_path="C:/ti/ccs1200/ccs/ccs_base/msp430/include" --include_path="C:/Users/crinconrogers/Documents/Cristobal Rincon and Lili/ece2049_demo_ccs91" --include_path="C:/Users/crinconrogers/Documents/Cristobal Rincon and Lili/ece2049_demo_ccs91/grlib" --include_path="C:/ti/ccs1200/ccs/tools/compiler/ti-cgt-msp430_21.6.0.LTS/include" --advice:power_severity=suppress --define=__MSP430F5529__ -g --gcc --printf_support=minimal --diag_warning=225 --display_error_number --abi=eabi --silicon_errata=CPU21 --silicon_errata=CPU22 --silicon_errata=CPU23 --silicon_errata=CPU40 --preproc_with_compile --preproc_dependency="main.d_raw"  "../main.c"
"../main.c", line 208: warning #169-D: argument of type "const char *" is incompatible with parameter of type "uint8_t *"
"../main.c", line 209: warning #169-D: argument of type "const char *" is incompatible with parameter of type "uint8_t *"
"../main.c", line 211: warning #169-D: argument of type "const char *" is incompatible with parameter of type "uint8_t *"
"../main.c", line 214: warning #169-D: argument of type "const char *" is incompatible with parameter of type "uint8_t *"
"../main.c", line 217: warning #169-D: argument of type "const char *" is incompatible with parameter of type "uint8_t *"
"../main.c", line 323: warning #169-D: argument of type "const char *" is incompatible with parameter of type "uint8_t *"
"../main.c", line 324: warning #169-D: argument of type "const char *" is incompatible with parameter of type "uint8_t *"
Finished building: "../main.c"
 
Building target: "ece2049_demo_ccs91.out"
Invoking: MSP430 Linker
"C:/ti/ccs1200/ccs/tools/compiler/ti-cgt-msp430_21.6.0.LTS/bin/cl430" -vmspx --data_model=restricted -Ooff --use_hw_mpy=F5 --advice:power_severity=suppress --define=__MSP430F5529__ -g --gcc --printf_support=minimal --diag_warning=225 --display_error_number --abi=eabi --silicon_errata=CPU21 --silicon_errata=CPU22 --silicon_errata=CPU23 --silicon_errata=CPU40 -z -m"ece2049_demo_ccs91.map" --heap_size=160 --stack_size=160 --cinit_hold_wdt=on -i"C:/ti/ccs1200/ccs/ccs_base/msp430/include" -i"C:/Users/crinconrogers/Documents/Cristobal Rincon and Lili/ece2049_demo_ccs91/lib" -i"C:/ti/ccs1200/ccs/tools/compiler/ti-cgt-msp430_21.6.0.LTS/lib" -i"C:/ti/ccs1200/ccs/tools/compiler/ti-cgt-msp430_21.6.0.LTS/include" -i"C:/ti/ccs1200/ccs/ccs_base/msp430/lib/5xx_6xx_FRxx" --reread_libs --warn_sections --xml_link_info="ece2049_demo_ccs91_linkInfo.xml" --use_hw_mpy=F5 --rom_model -o "ece2049_demo_ccs91.out" "./adc12_tempSensor.obj" "./main.obj" "./peripherals.obj" "./LcdDriver/HAL_MSP_EXP430FR5529_Sharp96x96.obj" "./LcdDriver/Sharp96x96.obj" "./fonts/fontfixed6x8.obj" "./images/LPRocket_96x37.obj" "./images/TI_Logo_69x64.obj" "../lnk_msp430f5529.cmd" "../lib/grlib.lib"  -llibc.a -llibmath.a 
<Linking>
Finished building target: "ece2049_demo_ccs91.out"
 

**** Build Finished ****

**** Build of configuration Debug for project ece2049_demo_ccs91 ****

"C:\\ti\\ccs1200\\ccs\\utils\\bin\\gmake" -k all 
 
Building file: "../main.c"
Invoking: MSP430 Compiler
"C:/ti/ccs1200/ccs/tools/compiler/ti-cgt-msp430_21.6.0.LTS/bin/cl430" -vmspx --data_model=restricted -Ooff --use_hw_mpy=F5 --include_path="C:/ti/ccs1200/ccs/ccs_base/msp430/include" --include_path="C:/Users/crinconrogers/Documents/Cristobal Rincon and Lili/ece2049_demo_ccs91" --include_path="C:/Users/crinconrogers/Documents/Cristobal Rincon and Lili/ece2049_demo_ccs91/grlib" --include_path="C:/ti/ccs1200/ccs/tools/compiler/ti-cgt-msp430_21.6.0.LTS/include" --advice:power_severity=suppress --define=__MSP430F5529__ -g --gcc --printf_support=minimal --diag_warning=225 --display_error_number --abi=eabi --silicon_errata=CPU21 --silicon_errata=CPU22 --silicon_errata=CPU23 --silicon_errata=CPU40 --preproc_with_compile --preproc_dependency="main.d_raw"  "../main.c"
"../main.c", line 208: warning #169-D: argument of type "const char *" is incompatible with parameter of type "uint8_t *"
"../main.c", line 209: warning #169-D: argument of type "const char *" is incompatible with parameter of type "uint8_t *"
"../main.c", line 211: warning #169-D: argument of type "const char *" is incompatible with parameter of type "uint8_t *"
"../main.c", line 214: warning #169-D: argument of type "const char *" is incompatible with parameter of type "uint8_t *"
"../main.c", line 217: warning #169-D: argument of type "const char *" is incompatible with parameter of type "uint8_t *"
"../main.c", line 323: warning #169-D: argument of type "const char *" is incompatible with parameter of type "uint8_t *"
"../main.c", line 324: warning #169-D: argument of type "const char *" is incompatible with parameter of type "uint8_t *"
Finished building: "../main.c"
 
Building target: "ece2049_demo_ccs91.out"
Invoking: MSP430 Linker
"C:/ti/ccs1200/ccs/tools/compiler/ti-cgt-msp430_21.6.0.LTS/bin/cl430" -vmspx --data_model=restricted -Ooff --use_hw_mpy=F5 --advice:power_severity=suppress --define=__MSP430F5529__ -g --gcc --printf_support=minimal --diag_warning=225 --display_error_number --abi=eabi --silicon_errata=CPU21 --silicon_errata=CPU22 --silicon_errata=CPU23 --silicon_errata=CPU40 -z -m"ece2049_demo_ccs91.map" --heap_size=160 --stack_size=160 --cinit_hold_wdt=on -i"C:/ti/ccs1200/ccs/ccs_base/msp430/include" -i"C:/Users/crinconrogers/Documents/Cristobal Rincon and Lili/ece2049_demo_ccs91/lib" -i"C:/ti/ccs1200/ccs/tools/compiler/ti-cgt-msp430_21.6.0.LTS/lib" -i"C:/ti/ccs1200/ccs/tools/compiler/ti-cgt-msp430_21.6.0.LTS/include" -i"C:/ti/ccs1200/ccs/ccs_base/msp430/lib/5xx_6xx_FRxx" --reread_libs --warn_sections --xml_link_info="ece2049_demo_ccs91_linkInfo.xml" --use_hw_mpy=F5 --rom_model -o "ece2049_demo_ccs91.out" "./adc12_tempSensor.obj" "./main.obj" "./peripherals.obj" "./LcdDriver/HAL_MSP_EXP430FR5529_Sharp96x96.obj" "./LcdDriver/Sharp96x96.obj" "./fonts/fontfixed6x8.obj" "./images/LPRocket_96x37.obj" "./images/TI_Logo_69x64.obj" "../lnk_msp430f5529.cmd" "../lib/grlib.lib"  -llibc.a -llibmath.a 
<Linking>
Finished building target: "ece2049_demo_ccs91.out"
 

**** Build Finished ****
